*** Starting uWSGI 2.0.15 (64bit) on [Mon Dec 18 02:01:07 2017] ***
compiled with version: 5.4.0 20160609 on 04 December 2017 23:48:23
os: Linux-4.10.0-37-generic #41~16.04.1-Ubuntu SMP Fri Oct 6 22:42:59 UTC 2017
nodename: o-ubuntu-o
machine: x86_64
clock source: unix
detected number of CPU cores: 2
current working directory: /home/zwm/Workplace/SchoolApp/conf
writing pidfile to /home/zwm/Workplace/SchoolApp/log/uwsgi.pid
detected binary path: /home/zwm/Workplace/SchoolApp/venv-py3/bin/uwsgi
!!! no internal routing support, rebuild with pcre support !!!
your processes number limit is 14759
your memory page size is 4096 bytes
detected max file descriptor number: 1024
lock engine: pthread robust mutexes
thunder lock: disabled (you can enable it with --thunder-lock)
uwsgi socket 0 bound to TCP address 0.0.0.0:9091 fd 3
Python version: 3.5.2 (default, Sep 14 2017, 22:51:06)  [GCC 5.4.0 20160609]
*** Python threads support is disabled. You can enable it with --enable-threads ***
Python main interpreter initialized at 0x1c79f80
your server socket listen backlog is limited to 100 connections
your mercy for graceful operations on workers is 60 seconds
mapped 268398 bytes (262 KB) for 1 cores
*** Operational MODE: single process ***
WSGI app 0 (mountpoint='') ready in 0 seconds on interpreter 0x1c79f80 pid: 10095 (default app)
*** uWSGI is running in multiple interpreter mode ***
spawned uWSGI master process (pid: 10095)
spawned uWSGI worker 1 (pid: 10097, cores: 1)
[pid: 10097|app: 0|req: 1/1] 127.0.0.1 () {40 vars in 633 bytes} [Mon Dec 18 02:01:25 2017] GET / => generated 21 bytes in 8 msecs (HTTP/1.1 200) 2 headers in 79 bytes (1 switches on core 0)
...brutally killing workers...
Gracefully killing worker 1 (pid: 10097)...
worker 1 buried after 1 seconds
binary reloading uWSGI...
chdir() to /home/zwm/Workplace/SchoolApp/conf
closing all non-uwsgi socket fds > 2 (max_fd = 1024)...
found fd 3 mapped to socket 0 (0.0.0.0:9091)
running /home/zwm/Workplace/SchoolApp/venv-py3/bin/uwsgi
[uWSGI] getting INI configuration from uwsgi.ini
*** Starting uWSGI 2.0.15 (64bit) on [Mon Dec 18 02:08:59 2017] ***
compiled with version: 5.4.0 20160609 on 04 December 2017 23:48:23
os: Linux-4.10.0-37-generic #41~16.04.1-Ubuntu SMP Fri Oct 6 22:42:59 UTC 2017
nodename: o-ubuntu-o
machine: x86_64
clock source: unix
detected number of CPU cores: 2
current working directory: /home/zwm/Workplace/SchoolApp/conf
detected binary path: /home/zwm/Workplace/SchoolApp/venv-py3/bin/uwsgi
!!! no internal routing support, rebuild with pcre support !!!
your processes number limit is 14759
your memory page size is 4096 bytes
detected max file descriptor number: 1024
lock engine: pthread robust mutexes
thunder lock: disabled (you can enable it with --thunder-lock)
uwsgi socket 0 inherited INET address 0.0.0.0:9091 fd 3
Python version: 3.5.2 (default, Sep 14 2017, 22:51:06)  [GCC 5.4.0 20160609]
*** Python threads support is disabled. You can enable it with --enable-threads ***
Python main interpreter initialized at 0x234d8e0
your server socket listen backlog is limited to 100 connections
your mercy for graceful operations on workers is 60 seconds
mapped 268398 bytes (262 KB) for 1 cores
*** Operational MODE: single process ***
WSGI app 0 (mountpoint='') ready in 1 seconds on interpreter 0x234d8e0 pid: 10095 (default app)
*** uWSGI is running in multiple interpreter mode ***
gracefully (RE)spawned uWSGI master process (pid: 10095)
spawned uWSGI worker 1 (pid: 10454, cores: 1)
*** Starting uWSGI 2.0.15 (64bit) on [Mon Dec 18 08:31:22 2017] ***
compiled with version: 5.4.0 20160609 on 04 December 2017 23:48:23
os: Linux-4.10.0-37-generic #41~16.04.1-Ubuntu SMP Fri Oct 6 22:42:59 UTC 2017
nodename: o-ubuntu-o
machine: x86_64
clock source: unix
detected number of CPU cores: 2
current working directory: /home/zwm/Workplace/SchoolApp/conf
writing pidfile to /home/zwm/Workplace/SchoolApp/log/uwsgi.pid
detected binary path: /home/zwm/Workplace/SchoolApp/venv-py3/bin/uwsgi
!!! no internal routing support, rebuild with pcre support !!!
your processes number limit is 14759
your memory page size is 4096 bytes
detected max file descriptor number: 1024
lock engine: pthread robust mutexes
thunder lock: disabled (you can enable it with --thunder-lock)
uwsgi socket 0 bound to TCP address 0.0.0.0:9091 fd 3
Python version: 3.5.2 (default, Sep 14 2017, 22:51:06)  [GCC 5.4.0 20160609]
*** Python threads support is disabled. You can enable it with --enable-threads ***
Python main interpreter initialized at 0x12d0f80
your server socket listen backlog is limited to 100 connections
your mercy for graceful operations on workers is 60 seconds
mapped 268398 bytes (262 KB) for 1 cores
*** Operational MODE: single process ***
WSGI app 0 (mountpoint='') ready in 1 seconds on interpreter 0x12d0f80 pid: 4189 (default app)
*** uWSGI is running in multiple interpreter mode ***
spawned uWSGI master process (pid: 4189)
spawned uWSGI worker 1 (pid: 4191, cores: 1)
SIGINT/SIGQUIT received...killing workers...
worker 1 buried after 1 seconds
goodbye to uWSGI.
*** Starting uWSGI 2.0.15 (64bit) on [Mon Dec 18 08:34:18 2017] ***
compiled with version: 5.4.0 20160609 on 04 December 2017 23:48:23
os: Linux-4.10.0-37-generic #41~16.04.1-Ubuntu SMP Fri Oct 6 22:42:59 UTC 2017
nodename: o-ubuntu-o
machine: x86_64
clock source: unix
detected number of CPU cores: 2
current working directory: /home/zwm/Workplace/SchoolApp/conf
writing pidfile to /home/zwm/Workplace/SchoolApp/log/uwsgi.pid
detected binary path: /home/zwm/Workplace/SchoolApp/venv-py3/bin/uwsgi
!!! no internal routing support, rebuild with pcre support !!!
your processes number limit is 14759
your memory page size is 4096 bytes
detected max file descriptor number: 1024
lock engine: pthread robust mutexes
thunder lock: disabled (you can enable it with --thunder-lock)
uWSGI http bound on 0.0.0.0:9091 fd 4
uwsgi socket 0 bound to TCP address 127.0.0.1:32867 (port auto-assigned) fd 3
Python version: 3.5.2 (default, Sep 14 2017, 22:51:06)  [GCC 5.4.0 20160609]
*** Python threads support is disabled. You can enable it with --enable-threads ***
Python main interpreter initialized at 0x2629070
your server socket listen backlog is limited to 100 connections
your mercy for graceful operations on workers is 60 seconds
mapped 268398 bytes (262 KB) for 1 cores
*** Operational MODE: single process ***
WSGI app 0 (mountpoint='') ready in 0 seconds on interpreter 0x2629070 pid: 4389 (default app)
*** uWSGI is running in multiple interpreter mode ***
spawned uWSGI master process (pid: 4389)
spawned uWSGI worker 1 (pid: 4392, cores: 1)
spawned uWSGI http 1 (pid: 4393)
[pid: 4392|app: 0|req: 1/1] 127.0.0.1 () {38 vars in 641 bytes} [Mon Dec 18 08:34:20 2017] GET / => generated 21 bytes in 4 msecs (HTTP/1.1 200) 2 headers in 79 bytes (1 switches on core 0)
[pid: 4392|app: 0|req: 2/2] 127.0.0.1 () {40 vars in 642 bytes} [Mon Dec 18 08:34:20 2017] GET /favicon.ico => generated 233 bytes in 38 msecs (HTTP/1.1 404) 2 headers in 72 bytes (1 switches on core 0)
SIGINT/SIGQUIT received...killing workers...
gateway "uWSGI http 1" has been buried (pid: 4393)
worker 1 buried after 1 seconds
goodbye to uWSGI.
